This is pdfTeX, Version 3.14159265-2.6-1.40.20 (TeX Live 2019) (preloaded format=latex 2021.2.3)  20 APR 2021 09:33
entering extended mode
 restricted \write18 enabled.
 %&-line parsing enabled.
**/home/erwin.rijvers/src/TeX/DND35/DMG/template.tex
(/home/erwin.rijvers/src/TeX/DND35/DMG/template.tex
LaTeX2e <2018-12-01>
(/usr/share/texlive/texmf-dist/tex/latex/koma-script/scrartcl.cls
Document Class: scrartcl 2019/02/01 v3.26b KOMA-Script document class (article)
(/usr/share/texlive/texmf-dist/tex/latex/koma-script/scrkbase.sty
Package: scrkbase 2019/02/01 v3.26b KOMA-Script package (KOMA-Script-dependent basics and keyval usage)
 (/usr/share/texlive/texmf-dist/tex/latex/koma-script/scrbase.sty
Package: scrbase 2019/02/01 v3.26b KOMA-Script package (KOMA-Script-independent basics and keyval usage)
 (/usr/share/texlive/texmf-dist/tex/latex/graphics/keyval.sty
Package: keyval 2014/10/28 v1.15 key=value parser (DPC)
\KV@toks@=\toks14
) (/usr/share/texlive/texmf-dist/tex/latex/koma-script/scrlfile.sty
Package: scrlfile 2019/02/01 v3.26b KOMA-Script package (loading files)
))) (/usr/share/texlive/texmf-dist/tex/latex/koma-script/tocbasic.sty
Package: tocbasic 2019/02/01 v3.26b KOMA-Script package (handling toc-files)
\scr@dte@tocline@numberwidth=\skip41
\scr@dte@tocline@numbox=\box27
)
Package tocbasic Info: omitting babel extension for `toc'
(tocbasic)             because of feature `nobabel' available
(tocbasic)             for `toc' on input line 134.
Class scrartcl Info: File `scrsize12pt.clo' used to setup font sizes on input line 2162.
 (/usr/share/texlive/texmf-dist/tex/latex/koma-script/scrsize12pt.clo
File: scrsize12pt.clo 2019/02/01 v3.26b KOMA-Script font size class option (12pt)
) (/usr/share/texlive/texmf-dist/tex/latex/koma-script/typearea.sty
Package: typearea 2019/02/01 v3.26b KOMA-Script package (type area)
\ta@bcor=\skip42
\ta@div=\count80
\ta@hblk=\skip43
\ta@vblk=\skip44
\ta@temp=\skip45
\footheight=\skip46
Package typearea Info: Maybe no optimal type area settings!
(typearea)             The detected line width is about 38%
(typearea)             smaller than the heuristically estimated maximum
(typearea)             limit of typographical good line width.
(typearea)             You could e.g. increase DIV, decrease fontsize
(typearea)             or change the papersize.
Package typearea Info: These are the values describing the layout:
(typearea)             DIV  = 14
(typearea)             BCOR = 0.0pt
(typearea)             \paperwidth      = 597.50793pt
(typearea)              \textwidth      = 469.47052pt
(typearea)              DIV departure   = 38%
(typearea)              \evensidemargin = 13.08829pt
(typearea)              \oddsidemargin  = -29.59085pt
(typearea)             \paperheight     = 845.04694pt
(typearea)              \textheight     = 664.5pt
(typearea)              \topmargin      = -51.7845pt
(typearea)              \headheight     = 18.125pt
(typearea)              \headsep        = 21.75pt
(typearea)              \topskip        = 12.0pt
(typearea)              \footskip       = 50.75pt
(typearea)              \baselineskip   = 14.5pt
(typearea)              on input line 1715.
)
\c@part=\count81
\c@section=\count82
\c@subsection=\count83
\c@subsubsection=\count84
\c@paragraph=\count85
\c@subparagraph=\count86
\scr@dte@section@maxnumwidth=\skip47
Class scrartcl Info: using compatibility default `runin=bysign'
(scrartcl)           for `\section on input line 4489.
Class scrartcl Info: using compatibility default `afterindent=bysign'
(scrartcl)           for `\section on input line 4489.
\scr@dte@part@maxnumwidth=\skip48
Class scrartcl Info: using compatibility default `afterindent=false'
(scrartcl)           for `\part on input line 4497.
\scr@dte@subsection@maxnumwidth=\skip49
Class scrartcl Info: using compatibility default `runin=bysign'
(scrartcl)           for `\subsection on input line 4507.
Class scrartcl Info: using compatibility default `afterindent=bysign'
(scrartcl)           for `\subsection on input line 4507.
\scr@dte@subsubsection@maxnumwidth=\skip50
Class scrartcl Info: using compatibility default `runin=bysign'
(scrartcl)           for `\subsubsection on input line 4517.
Class scrartcl Info: using compatibility default `afterindent=bysign'
(scrartcl)           for `\subsubsection on input line 4517.
\scr@dte@paragraph@maxnumwidth=\skip51
Class scrartcl Info: using compatibility default `runin=bysign'
(scrartcl)           for `\paragraph on input line 4527.
Class scrartcl Info: using compatibility default `afterindent=bysign'
(scrartcl)           for `\paragraph on input line 4527.
\scr@dte@subparagraph@maxnumwidth=\skip52
Class scrartcl Info: using compatibility default `runin=bysign'
(scrartcl)           for `\subparagraph on input line 4537.
Class scrartcl Info: using compatibility default `afterindent=bysign'
(scrartcl)           for `\subparagraph on input line 4537.
\abovecaptionskip=\skip53
\belowcaptionskip=\skip54
\c@pti@nb@sid@b@x=\box28
Package tocbasic Info: omitting babel extension for `lof'
(tocbasic)             because of feature `nobabel' available
(tocbasic)             for `lof' on input line 5781.
\scr@dte@figure@maxnumwidth=\skip55
\c@figure=\count87
Package tocbasic Info: omitting babel extension for `lot'
(tocbasic)             because of feature `nobabel' available
(tocbasic)             for `lot' on input line 5793.
\scr@dte@table@maxnumwidth=\skip56
\c@table=\count88
Class scrartcl Info: Redefining `\numberline' on input line 5957.
\bibindent=\dimen102
) (/usr/share/texlive/texmf-dist/tex/latex/lipsum/lipsum.sty (/usr/share/texlive/texmf-dist/tex/latex/l3kernel/expl3.sty
Package: expl3 2019-07-25 L3 programming layer (loader) 
 (/usr/share/texlive/texmf-dist/tex/latex/l3kernel/expl3-code.tex
Package: expl3 2019-07-25 L3 programming layer (code)
\c_max_int=\count89
\l_tmpa_int=\count90
\l_tmpb_int=\count91
\g_tmpa_int=\count92
\g_tmpb_int=\count93
\g__kernel_prg_map_int=\count94
\c__ior_term_ior=\count95
\c_log_iow=\count96
\l_iow_line_count_int=\count97
\l__iow_line_target_int=\count98
\l__iow_one_indent_int=\count99
\l__iow_indent_int=\count100
\c_zero_dim=\dimen103
\c_max_dim=\dimen104
\l_tmpa_dim=\dimen105
\l_tmpb_dim=\dimen106
\g_tmpa_dim=\dimen107
\g_tmpb_dim=\dimen108
\c_zero_skip=\skip57
\c_max_skip=\skip58
\l_tmpa_skip=\skip59
\l_tmpb_skip=\skip60
\g_tmpa_skip=\skip61
\g_tmpb_skip=\skip62
\c_zero_muskip=\muskip10
\c_max_muskip=\muskip11
\l_tmpa_muskip=\muskip12
\l_tmpb_muskip=\muskip13
\g_tmpa_muskip=\muskip14
\g_tmpb_muskip=\muskip15
\l_keys_choice_int=\count101
\l__intarray_loop_int=\count102
\c__intarray_sp_dim=\dimen109
\g__intarray_font_int=\count103
\c__fp_leading_shift_int=\count104
\c__fp_middle_shift_int=\count105
\c__fp_trailing_shift_int=\count106
\c__fp_big_leading_shift_int=\count107
\c__fp_big_middle_shift_int=\count108
\c__fp_big_trailing_shift_int=\count109
\c__fp_Bigg_leading_shift_int=\count110
\c__fp_Bigg_middle_shift_int=\count111
\c__fp_Bigg_trailing_shift_int=\count112
\c__kernel_randint_max_int=\count113
\g__fp_array_int=\count114
\l__fp_array_loop_int=\count115
\l__sort_length_int=\count116
\l__sort_min_int=\count117
\l__sort_top_int=\count118
\l__sort_max_int=\count119
\l__sort_true_max_int=\count120
\l__sort_block_int=\count121
\l__sort_begin_int=\count122
\l__sort_end_int=\count123
\l__sort_A_int=\count124
\l__sort_B_int=\count125
\l__sort_C_int=\count126
\l__str_internal_int=\count127
\c__str_replacement_char_int=\count128
\l__tl_analysis_normal_int=\count129
\l__tl_analysis_index_int=\count130
\l__tl_analysis_nesting_int=\count131
\l__tl_analysis_type_int=\count132
\l__regex_internal_a_int=\count133
\l__regex_internal_b_int=\count134
\l__regex_internal_c_int=\count135
\l__regex_balance_int=\count136
\l__regex_group_level_int=\count137
\l__regex_mode_int=\count138
\c__regex_cs_in_class_mode_int=\count139
\c__regex_cs_mode_int=\count140
\l__regex_catcodes_int=\count141
\l__regex_default_catcodes_int=\count142
\c__regex_catcode_D_int=\count143
\c__regex_catcode_S_int=\count144
\c__regex_catcode_L_int=\count145
\c__regex_catcode_O_int=\count146
\c__regex_catcode_A_int=\count147
\c__regex_all_catcodes_int=\count148
\l__regex_show_lines_int=\count149
\l__regex_min_state_int=\count150
\l__regex_max_state_int=\count151
\l__regex_left_state_int=\count152
\l__regex_right_state_int=\count153
\l__regex_capturing_group_int=\count154
\l__regex_min_pos_int=\count155
\l__regex_max_pos_int=\count156
\l__regex_curr_pos_int=\count157
\l__regex_start_pos_int=\count158
\l__regex_success_pos_int=\count159
\l__regex_curr_char_int=\count160
\l__regex_curr_catcode_int=\count161
\l__regex_last_char_int=\count162
\l__regex_case_changed_char_int=\count163
\l__regex_curr_state_int=\count164
\l__regex_step_int=\count165
\l__regex_min_active_int=\count166
\l__regex_max_active_int=\count167
\l__regex_replacement_csnames_int=\count168
\l__regex_match_count_int=\count169
\l__regex_min_submatch_int=\count170
\l__regex_submatch_int=\count171
\l__regex_zeroth_submatch_int=\count172
\g__regex_trace_regex_int=\count173
\c_empty_box=\box29
\l_tmpa_box=\box30
\l_tmpb_box=\box31
\g_tmpa_box=\box32
\g_tmpb_box=\box33
\l__box_top_dim=\dimen110
\l__box_bottom_dim=\dimen111
\l__box_left_dim=\dimen112
\l__box_right_dim=\dimen113
\l__box_top_new_dim=\dimen114
\l__box_bottom_new_dim=\dimen115
\l__box_left_new_dim=\dimen116
\l__box_right_new_dim=\dimen117
\l__box_internal_box=\box34
\l__coffin_internal_box=\box35
\l__coffin_internal_dim=\dimen118
\l__coffin_offset_x_dim=\dimen119
\l__coffin_offset_y_dim=\dimen120
\l__coffin_x_dim=\dimen121
\l__coffin_y_dim=\dimen122
\l__coffin_x_prime_dim=\dimen123
\l__coffin_y_prime_dim=\dimen124
\c_empty_coffin=\box36
\l__coffin_aligned_coffin=\box37
\l__coffin_aligned_internal_coffin=\box38
\l_tmpa_coffin=\box39
\l_tmpb_coffin=\box40
\g_tmpa_coffin=\box41
\g_tmpb_coffin=\box42
\l__coffin_bounding_shift_dim=\dimen125
\l__coffin_left_corner_dim=\dimen126
\l__coffin_right_corner_dim=\dimen127
\l__coffin_bottom_corner_dim=\dimen128
\l__coffin_top_corner_dim=\dimen129
\l__coffin_scaled_total_height_dim=\dimen130
\l__coffin_scaled_width_dim=\dimen131
\c__coffin_empty_coffin=\box43
\l__coffin_display_coffin=\box44
\l__coffin_display_coord_coffin=\box45
\l__coffin_display_pole_coffin=\box46
\l__coffin_display_offset_dim=\dimen132
\l__coffin_display_x_dim=\dimen133
\l__coffin_display_y_dim=\dimen134
\g__file_internal_ior=\read1
\l__seq_internal_a_int=\count174
\l__seq_internal_b_int=\count175
) (/usr/share/texlive/texmf-dist/tex/latex/l3backend/l3backend-dvips.def
File: l3backend-dvips.def 2019-04-06 v L3 backend support: dvips
\l__pdf_internal_box=\box47
\g__pdf_backend_object_int=\count176
\l__pdf_backend_content_box=\box48
\l__pdf_backend_model_box=\box49
\g__pdf_backend_annotation_int=\count177
\g__pdf_backend_link_int=\count178
\g__pdf_backend_link_sf_int=\count179
)) (/usr/share/texlive/texmf-dist/tex/latex/l3packages/xparse/xparse.sty
Package: xparse 2019-05-28 L3 Experimental document command parser
\l__xparse_current_arg_int=\count180
\g__xparse_grabber_int=\count181
\l__xparse_m_args_int=\count182
\l__xparse_v_nesting_int=\count183
)
Package: lipsum 2019/01/02 v2.2 150 paragraphs of Lorem Ipsum dummy text
 (/usr/share/texlive/texmf-dist/tex/latex/lipsum/lipsum.ltd.tex
File: lipsum.ltd.tex 2019/01/02 v2.2 The Lorem ipsum dummy text
)) (/usr/share/texlive/texmf-dist/tex/latex/xcolor/xcolor.sty
Package: xcolor 2016/05/11 v2.12 LaTeX color extensions (UK)
 (/usr/share/texlive/texmf-dist/tex/latex/graphics-cfg/color.cfg
File: color.cfg 2016/01/02 v1.6 sample color configuration
)
Package xcolor Info: Driver file: dvips.def on input line 225.
 (/usr/share/texlive/texmf-dist/tex/latex/graphics-def/dvips.def
File: dvips.def 2017/06/20 v3.1d Graphics/color driver for dvips
)
Package xcolor Info: Model `cmy' substituted by `cmy0' on input line 1348.
Package xcolor Info: Model `RGB' extended on input line 1364.
Package xcolor Info: Model `HTML' substituted by `rgb' on input line 1366.
Package xcolor Info: Model `Hsb' substituted by `hsb' on input line 1367.
Package xcolor Info: Model `tHsb' substituted by `hsb' on input line 1368.
Package xcolor Info: Model `HSB' substituted by `hsb' on input line 1369.
Package xcolor Info: Model `Gray' substituted by `gray' 