This is XeTeX, Version 3.14159265-2.6-0.999991 (TeX Live 2019) (preloaded format=xelatex 2021.2.3)  10 FEB 2021 18:46
entering extended mode
 restricted \write18 enabled.
 %&-line parsing enabled.
**real.tex
(./real.tex
LaTeX2e <2018-12-01>
(/usr/share/texlive/texmf-dist/tex/latex/subfiles/subfiles.cls
Document Class: subfiles 2018/07/31 Federico Garcia, Gernot Salzer
Preamble taken from file `../main.tex'

! LaTeX Error: File `../main.tex' not found.

Type X to quit or <RETURN> to proceed,
or enter new name. (Default extension: tex)

Enter file name: 
! Emergency stop.
<read *> 
         
l.35 \input{\preamble@file}
                           ^^M
*** (cannot \read from terminal in nonstop modes)

 
Here is how much of TeX's memory you used:
 18 strings out of 492965
 331 string characters out of 6137154
 64171 words of memory out of 5000000
 4166 multiletter control sequences out of 15000+600000
 3640 words of font info for 14 fonts, out of 8000000 for 9000
 1328 hyphenation exceptions out of 8191
 17i,0n,18p,162b,8s stack positions out of 5000i,500n,10000p,200000b,80000s
No pages of output.
