This is pdfTeX, Version 3.14159265-2.6-1.40.20 (TeX Live 2019) (preloaded format=pdflatex 2021.2.3)  20 APR 2021 10:35
entering extended mode
 restricted \write18 enabled.
 file:line:error style messages enabled.
 %&-line parsing enabled.
**"/home/erwin.rijvers/src/TeX/ADND/MC1 - 2102/chapter/use.tex"
(/home/erwin.rijvers/src/TeX/ADND/MC1 - 2102/chapter/use.tex
LaTeX2e <2018-12-01>
(/usr/share/texlive/texmf-dist/tex/latex/subfiles/subfiles.cls
Document Class: subfiles 2018/07/31 Federico Garcia, Gernot Salzer
Preamble taken from file `../main.tex'

! LaTeX Error: File `../main.tex' not found.

Type X to quit or <RETURN> to proceed,
or enter new name. (Default extension: tex)

Enter file name: 
/usr/share/texlive/texmf-dist/tex/latex/subfiles/subfiles.cls:35: Emergency stop.
<read *> 
         
l.35 \input{\preamble@file}
                           ^^M
*** (cannot \read from terminal in nonstop modes)

 
Here is how much of TeX's memory you used:
 20 strings out of 492641
 620 string characters out of 6132992
 57322 words of memory out of 5000000
 4032 multiletter control sequences out of 15000+600000
 3640 words of font info for 14 fonts, out of 8000000 for 9000
 1137 hyphenation exceptions out of 8191
 17i,0n,18p,161b,8s stack positions out of 5000i,500n,10000p,200000b,80000s
/usr/share/texlive/texmf-dist/tex/latex/subfiles/subfiles.cls:35:  ==> Fatal error occurred, no output PDF file produced!
